<?xml version="1.0" encoding="UTF-8"?>
<testng-results skipped="0" failed="0" ignored="0" total="1" passed="1">
  <reporter-output>
  </reporter-output>
  <suite name="Default suite" duration-ms="4588" started-at="2020-07-30T23:48:43Z" finished-at="2020-07-30T23:48:47Z">
    <groups>
    </groups>
    <test name="Default test" duration-ms="4588" started-at="2020-07-30T23:48:43Z" finished-at="2020-07-30T23:48:47Z">
      <class name="tests.PostRequestWPOJO">
        <test-method status="PASS" signature="postRequest()[pri:0, instance:tests.PostRequestWPOJO@3ffc5af1]" name="postRequest" duration-ms="4499" started-at="2020-07-30T23:48:43Z" finished-at="2020-07-30T23:48:47Z">
          <reporter-output>
          </reporter-output>
        </test-method> <!-- postRequest -->
      </class> <!-- tests.PostRequestWPOJO -->
    </test> <!-- Default test -->
  </suite> <!-- Default suite -->
</testng-results>
